#
# There is insufficient memory for the Java Runtime Environment to continue.
# Native memory allocation (mmap) failed to map 134217728 bytes for Failed to commit area from 0x0000000080e00000 to 0x0000000088e00000 of length 134217728.
# Possible reasons:
#   The system is out of physical RAM or swap space
#   The process is running with CompressedOops enabled, and the Java Heap may be blocking the growth of the native heap
# Possible solutions:
#   Reduce memory load on the system
#   Increase physical memory or swap space
#   Check if swap backing store is full
#   Decrease Java heap size (-Xmx/-Xms)
#   Decrease number of Java threads
#   Decrease Java thread stack sizes (-Xss)
#   Set larger code cache with -XX:ReservedCodeCacheSize=
# This output file may be truncated or incomplete.
#
#  Out of Memory Error (./open/src/hotspot/os/windows/os_windows.cpp:3275), pid=23216, tid=19076
#
# JRE version:  (11.0.8+10) (build )
# Java VM: Java HotSpot(TM) 64-Bit Server VM (11.0.8+10-LTS, mixed mode, sharing, tiered, compressed oops, g1 gc, windows-amd64)
# No core dump will be written. Minidumps are not enabled by default on client versions of Windows
#

---------------  S U M M A R Y ------------

Command Line: -Dfile.encoding=Cp1252 CampeonatoBrasileiro

Host: Intel(R) Core(TM) i7-7700 CPU @ 3.60GHz, 8 cores, 7G,  Windows 10 , 64 bit Build 18362 (10.0.18362.1110)
Time: Wed Nov  4 11:50:17 2020 Hora oficial do Brasil elapsed time: 0 seconds (0d 0h 0m 0s)

---------------  T H R E A D  ---------------

Current thread (0x0000019cb0e65800):  JavaThread "Unknown thread" [_thread_in_vm, id=19076, stack(0x000000677ec00000,0x000000677ed00000)]

Stack: [0x000000677ec00000,0x000000677ed00000]
Native frames: (J=compiled Java code, j=interpreted, Vv=VM code, C=native code)
V  [jvm.dll+0x601aea]
V  [jvm.dll+0x737fef]
V  [jvm.dll+0x739675]
V  [jvm.dll+0x739cf3]
V  [jvm.dll+0x242848]
V  [jvm.dll+0x5fef8a]
V  [jvm.dll+0x5f3eb5]
V  [jvm.dll+0x2f651c]
V  [jvm.dll+0x2f63a2]
V  [jvm.dll+0x2fb056]
V  [jvm.dll+0x33ce9f]
V  [jvm.dll+0x33c8d0]
V  [jvm.dll+0x2d4768]
V  [jvm.dll+0x2d58c6]
V  [jvm.dll+0x713e67]
V  [jvm.dll+0x71570f]
V  [jvm.dll+0x349c19]
V  [jvm.dll+0x6f97f0]
V  [jvm.dll+0x3b2a5f]
V  [jvm.dll+0x3b4e81]
C  [jli.dll+0x5213]
C  [ucrtbase.dll+0x210b2]
C  [KERNEL32.DLL+0x17c24]
C  [ntdll.dll+0x6cea1]


---------------  P R O C E S S  ---------------

Threads class SMR info:
_java_thread_list=0x0000019caec53120, length=0, elements={
}

Java Threads: ( => current thread )

Other Threads:
  0x0000019cb0e7b800 GCTaskThread "GC Thread#0" [stack: 0x000000677ed00000,0x000000677ee00000] [id=2860]
  0x0000019cb0eaf000 ConcurrentGCThread "G1 Main Marker" [stack: 0x000000677ee00000,0x000000677ef00000] [id=15144]
  0x0000019cb0eb0800 ConcurrentGCThread "G1 Conc#0" [stack: 0x000000677ef00000,0x000000677f000000] [id=4456]

[error occurred during error reporting (printing all threads), id 0xc0000005, EXCEPTION_ACCESS_VIOLATION (0xc0000005) at pc=0x00007ff9c57c2f67]

VM state:not at safepoint (not fully initialized)

VM Mutex/Monitor currently owned by a thread:  ([mutex/lock_event])
[0x0000019cb0e62e60] Heap_lock - owner thread: 0x0000019cb0e65800

Heap address: 0x0000000080e00000, size: 2034 MB, Compressed Oops mode: Non-zero based: 0x0000000080e00000
Narrow klass base: 0x0000000000000000, Narrow klass shift: 0

GC Heap History (0 events):
No events

Deoptimization events (0 events):
No events

Classes redefined (0 events):
No events

Internal exceptions (0 events):
No events

Events (0 events):
No events


Dynamic libraries:
0x00007ff75fc30000 - 0x00007ff75fc3f000 	C:\Program Files\Java\jdk-11.0.8\bin\javaw.exe
0x00007ffa36900000 - 0x00007ffa36af0000 	C:\WINDOWS\SYSTEM32\ntdll.dll
0x00007ffa364a0000 - 0x00007ffa36552000 	C:\WINDOWS\System32\KERNEL32.DLL
0x00007ffa33fb0000 - 0x00007ffa34255000 	C:\WINDOWS\System32\KERNELBASE.dll
0x00007ffa33d30000 - 0x00007ffa33e2a000 	C:\WINDOWS\System32\ucrtbase.dll
0x00007ffa2f910000 - 0x00007ffa2f928000 	C:\Program Files\Java\jdk-11.0.8\bin\jli.dll
0x00007ffa2ff70000 - 0x00007ffa2ff85000 	C:\Program Files\Java\jdk-11.0.8\bin\VCRUNTIME140.dll
0x00007ffa36350000 - 0x00007ffa363f3000 	C:\WINDOWS\System32\ADVAPI32.dll
0x00007ffa36210000 - 0x00007ffa362ae000 	C:\WINDOWS\System32\msvcrt.dll
0x00007ffa36400000 - 0x00007ffa36497000 	C:\WINDOWS\System32\sechost.dll
0x00007ffa36710000 - 0x00007ffa36830000 	C:\WINDOWS\System32\RPCRT4.dll
0x00007ffa35140000 - 0x00007ffa352d4000 	C:\WINDOWS\System32\USER32.dll
0x00007ffa33f80000 - 0x00007ffa33fa1000 	C:\WINDOWS\System32\win32u.dll
0x00007ffa2a8d0000 - 0x00007ffa2ab54000 	C:\WINDOWS\WinSxS\amd64_microsoft.windows.common-controls_6595b64144ccf1df_6.0.18362.1139_none_9e7bf2d3e4605ac6\COMCTL32.dll
0x00007ffa36320000 - 0x00007ffa36346000 	C:\WINDOWS\System32\GDI32.dll
0x00007ffa35310000 - 0x00007ffa35645000 	C:\WINDOWS\System32\combase.dll
0x00007ffa33960000 - 0x00007ffa33af6000 	C:\WINDOWS\System32\gdi32full.dll
0x00007ffa33b00000 - 0x00007ffa33b80000 	C:\WINDOWS\System32\bcryptPrimitives.dll
0x00007ffa338c0000 - 0x00007ffa3395e000 	C:\WINDOWS\System32\msvcp_win.dll
0x00007ffa2e9e0000 - 0x00007ffa2e9ea000 	C:\WINDOWS\SYSTEM32\VERSION.dll
0x00007ffa352e0000 - 0x00007ffa3530e000 	C:\WINDOWS\System32\IMM32.DLL
0x00007ffa24ff0000 - 0x00007ffa2508b000 	C:\Program Files\Java\jdk-11.0.8\bin\msvcp140.dll
0x00007ff9c54e0000 - 0x00007ff9c5fc6000 	C:\Program Files\Java\jdk-11.0.8\bin\server\jvm.dll
0x00007ffa36180000 - 0x00007ffa36188000 	C:\WINDOWS\System32\PSAPI.DLL
0x00007ffa24010000 - 0x00007ffa24019000 	C:\WINDOWS\SYSTEM32\WSOCK32.dll
0x00007ffa317a0000 - 0x00007ffa317c4000 	C:\WINDOWS\SYSTEM32\WINMM.dll
0x00007ffa362b0000 - 0x00007ffa3631f000 	C:\WINDOWS\System32\WS2_32.dll
0x00007ffa31770000 - 0x00007ffa3179d000 	C:\WINDOWS\SYSTEM32\WINMMBASE.dll
0x00007ffa33c30000 - 0x00007ffa33c7a000 	C:\WINDOWS\System32\cfgmgr32.dll
0x00007ffa33800000 - 0x00007ffa33811000 	C:\WINDOWS\System32\kernel.appcore.dll
0x00007ffa2a7c0000 - 0x00007ffa2a7d0000 	C:\Program Files\Java\jdk-11.0.8\bin\verify.dll
0x00007ffa1fd50000 - 0x00007ffa1ff44000 	C:\WINDOWS\SYSTEM32\DBGHELP.DLL
0x00007ffa205b0000 - 0x00007ffa205da000 	C:\WINDOWS\SYSTEM32\dbgcore.DLL
0x00007ffa2a790000 - 0x00007ffa2a7b8000 	C:\Program Files\Java\jdk-11.0.8\bin\java.dll
0x00007ffa28fe0000 - 0x00007ffa28fea000 	C:\Program Files\Java\jdk-11.0.8\bin\jimage.dll
0x00007ffa28fc0000 - 0x00007ffa28fd6000 	C:\Program Files\Java\jdk-11.0.8\bin\zip.dll

dbghelp: loaded successfully - version: 4.0.5 - missing functions: none
symbol engine: initialized successfully - sym options: 0x614 - pdb path: .;C:\Program Files\Java\jdk-11.0.8\bin;C:\WINDOWS\SYSTEM32;C:\WINDOWS\WinSxS\amd64_microsoft.windows.common-controls_6595b64144ccf1df_6.0.18362.1139_none_9e7bf2d3e4605ac6;C:\Program Files\Java\jdk-11.0.8\bin\server

VM Arguments:
jvm_args: -Dfile.encoding=Cp1252 
java_command: CampeonatoBrasileiro
java_class_path (initial): D:\Atividades\ProjetoCampeonatoDeFutebol\bin
Launcher Type: SUN_STANDARD

[Global flags]
     intx CICompilerCount                          = 4                                         {product} {ergonomic}
     uint ConcGCThreads                            = 2                                         {product} {ergonomic}
     uint G1ConcRefinementThreads                  = 8                                         {product} {ergonomic}
   size_t G1HeapRegionSize                         = 1048576                                   {product} {ergonomic}
    uintx GCDrainStackTargetSize                   = 64                                        {product} {ergonomic}
   size_t InitialHeapSize                          = 134217728                                 {product} {ergonomic}
   size_t MarkStackSize                            = 4194304                                   {product} {ergonomic}
   size_t MaxHeapSize                              = 2132803584                                {product} {ergonomic}
   size_t MinHeapDeltaBytes                        = 1048576                                   {product} {ergonomic}
    uintx NonNMethodCodeHeapSize                   = 5836300                                {pd product} {ergonomic}
    uintx NonProfiledCodeHeapSize                  = 122910970                              {pd product} {ergonomic}
    uintx ProfiledCodeHeapSize                     = 122910970                              {pd product} {ergonomic}
    uintx ReservedCodeCacheSize                    = 251658240                              {pd product} {ergonomic}
     bool SegmentedCodeCache                       = true                                      {product} {ergonomic}
     bool UseCompressedClassPointers               = true                                 {lp64_product} {ergonomic}
     bool UseCompressedOops                        = true                                 {lp64_product} {ergonomic}
     bool UseG1GC                                  = true                                      {product} {ergonomic}
     bool UseLargePagesIndividualAllocation        = false                                  {pd product} {ergonomic}

Logging:
Log output configuration:
 #0: stdout all=warning uptime,level,tags
 #1: stderr all=off uptime,level,tags

Environment Variables:
PATH=C:/Program Files/Java/jdk1.8.0_241/bin/../jre/bin/server;C:/Program Files/Java/jdk1.8.0_241/bin/../jre/bin;C:/Program Files/Java/jdk1.8.0_241/bin/../jre/lib/amd64;C:\Program Files\Common Files\Oracle\Java\javapath;C:\Program Files (x86)\Common Files\Oracle\Java\javapath;C:\Windows\system32;C:\Windows;C:\Windows\System32\Wbem;C:\Windows\System32\WindowsPowerShell\v1.0\;C:\WINDOWS\system32;C:\WINDOWS;C:\WINDOWS\System32\Wbem;C:\WINDOWS\System32\WindowsPowerShell\v1.0\;C:\WINDOWS\System32\OpenSSH\;C:\Program Files (x86)\NVIDIA Corporation\PhysX\Common;C:\Program Files\NVIDIA Corporation\NVIDIA NvDLISR;C:\Program Files\nodejs\;C:\Users\João\AppData\Local\Microsoft\WindowsApps;C:\Users\João\AppData\Roaming\npm;C:\Users\João\AppData\Local\Programs\Microsoft VS Code\bin;C:\Users\João\Desktop;
USERNAME=João
OS=Windows_NT
PROCESSOR_IDENTIFIER=Intel64 Family 6 Model 158 Stepping 9, GenuineIntel



---------------  S Y S T E M  ---------------

OS: Windows 10 , 64 bit Build 18362 (10.0.18362.1110)
HyperV virtualization detected

CPU:total 8 (initial active 8) (4 cores per cpu, 2 threads per core) family 6 model 158 stepping 9, cmov, cx8, fxsr, mmx, sse, sse2, sse3, ssse3, sse4.1, sse4.2, popcnt, avx, avx2, aes, clmul, erms, rtm, 3dnowpref, lzcnt, ht, tsc, tscinvbit, bmi1, bmi2, adx, fma

Memory: 4k page, system-wide physical 8129M (1103M free)
TotalPageFile size 22298M (AvailPageFile size 30M)
current process WorkingSet (physical memory assigned to process): 9M, peak: 9M
current process commit charge ("private bytes"): 60M, peak: 188M

vm_info: Java HotSpot(TM) 64-Bit Server VM (11.0.8+10-LTS) for windows-amd64 JRE (11.0.8+10-LTS), built on Jun 16 2020 05:53:08 by "mach5one" with unknown MS VC++:1916

END.
